16:22:56.364 [Test worker] INFO  c.e.d.DividendApplicationTests - Starting DividendApplicationTests using Java 17.0.3-ea on dohoonui-MacBookPro.local with PID 24380 (started by dohoon in /Users/dohoon/my-github/dividend_system)
16:22:56.396 [Test worker] INFO  c.e.d.DividendApplicationTests - No active profile set, falling back to 1 default profile: "default"
16:22:57.020 [Test worker] INFO  o.s.d.r.c.RepositoryConfigurationDelegate - Multiple Spring Data modules found, entering strict repository configuration mode
16:22:57.021 [Test worker] INFO  o.s.d.r.c.RepositoryConfigurationDelegate - Bootstrapping Spring Data JPA repositories in DEFAULT mode.
16:22:57.107 [Test worker] INFO  o.s.d.r.c.RepositoryConfigurationDelegate - Finished Spring Data repository scanning in 80 ms. Found 3 JPA repository interfaces.
16:22:57.119 [Test worker] INFO  o.s.d.r.c.RepositoryConfigurationDelegate - Multiple Spring Data modules found, entering strict repository configuration mode
16:22:57.120 [Test worker] INFO  o.s.d.r.c.RepositoryConfigurationDelegate - Bootstrapping Spring Data Redis repositories in DEFAULT mode.
16:22:57.129 [Test worker] INFO  o.s.d.r.c.RepositoryConfigurationExtensionSupport - Spring Data Redis - Could not safely identify store assignment for repository candidate interface com.example.dividend.persist.CompanyRepository; If you want this repository to be a Redis repository, consider annotating your entities with one of these annotations: org.springframework.data.redis.core.RedisHash (preferred), or consider extending one of the following types with your repository: org.springframework.data.keyvalue.repository.KeyValueRepository
16:22:57.130 [Test worker] INFO  o.s.d.r.c.RepositoryConfigurationExtensionSupport - Spring Data Redis - Could not safely identify store assignment for repository candidate interface com.example.dividend.persist.DividendRepository; If you want this repository to be a Redis repository, consider annotating your entities with one of these annotations: org.springframework.data.redis.core.RedisHash (preferred), or consider extending one of the following types with your repository: org.springframework.data.keyvalue.repository.KeyValueRepository
16:22:57.130 [Test worker] INFO  o.s.d.r.c.RepositoryConfigurationExtensionSupport - Spring Data Redis - Could not safely identify store assignment for repository candidate interface com.example.dividend.persist.MemberRepository; If you want this repository to be a Redis repository, consider annotating your entities with one of these annotations: org.springframework.data.redis.core.RedisHash (preferred), or consider extending one of the following types with your repository: org.springframework.data.keyvalue.repository.KeyValueRepository
16:22:57.130 [Test worker] INFO  o.s.d.r.c.RepositoryConfigurationDelegate - Finished Spring Data repository scanning in 5 ms. Found 0 Redis repository interfaces.
16:22:57.641 [Test worker] INFO  o.h.jpa.internal.util.LogHelper - HHH000204: Processing PersistenceUnitInfo [name: default]
16:22:57.668 [Test worker] INFO  org.hibernate.Version - HHH000412: Hibernate ORM core version 5.6.10.Final
16:22:57.777 [Test worker] INFO  o.h.annotations.common.Version - HCANN000001: Hibernate Commons Annotations {5.1.2.Final}
16:22:57.852 [Test worker] INFO  com.zaxxer.hikari.HikariDataSource - HikariPool-1 - Starting...
16:22:57.967 [Test worker] INFO  com.zaxxer.hikari.HikariDataSource - HikariPool-1 - Start completed.
16:22:58.000 [Test worker] INFO  org.hibernate.dialect.Dialect - HHH000400: Using dialect: org.hibernate.dialect.H2Dialect
16:22:58.339 [Test worker] INFO  o.h.e.t.j.p.i.JtaPlatformInitiator - HHH000490: Using JtaPlatform implementation: [org.hibernate.engine.transaction.jta.platform.internal.NoJtaPlatform]
16:22:58.344 [Test worker] INFO  o.s.o.j.LocalContainerEntityManagerFactoryBean - Initialized JPA EntityManagerFactory for persistence unit 'default'
16:22:58.737 [Test worker] WARN  o.s.b.a.o.j.JpaBaseConfiguration$JpaWebConfiguration - spring.jpa.open-in-view is enabled by default. Therefore, database queries may be performed during view rendering. Explicitly configure spring.jpa.open-in-view to disable this warning
16:22:59.011 [Test worker] WARN  o.s.s.c.a.web.builders.WebSecurity - You are asking Spring Security to ignore Ant [pattern='/h2-console/**']. This is not recommended -- please use permitAll via HttpSecurity#authorizeHttpRequests instead.
16:22:59.011 [Test worker] INFO  o.s.s.web.DefaultSecurityFilterChain - Will not secure Ant [pattern='/h2-console/**']
16:22:59.052 [Test worker] INFO  o.s.s.web.DefaultSecurityFilterChain - Will secure any request with [org.springframework.security.web.session.DisableEncodeUrlFilter@700ed27d, org.springframework.security.web.context.request.async.WebAsyncManagerIntegrationFilter@ed929ecb, org.springframework.security.web.context.SecurityContextPersistenceFilter@ca212825, org.springframework.security.web.header.HeaderWriterFilter@cdf6269e, org.springframework.security.web.authentication.logout.LogoutFilter@26efef27, com.example.dividend.security.JwtAuthenticationFilter@78b042d6, org.springframework.security.web.savedrequest.RequestCacheAwareFilter@148add45, org.springframework.security.web.servletapi.SecurityContextHolderAwareRequestFilter@e412650c, org.springframework.security.web.authentication.AnonymousAuthenticationFilter@e7ad9a82, org.springframework.security.web.session.SessionManagementFilter@3af6e050, org.springframework.security.web.access.ExceptionTranslationFilter@ae8d3199, org.springframework.security.web.access.intercept.FilterSecurityInterceptor@1ceaa0b]
16:22:59.330 [Test worker] INFO  o.s.b.a.h.H2ConsoleAutoConfiguration - H2 console available at '/h2-console'. Database available at 'jdbc:h2:mem:dividend'
16:22:59.602 [Test worker] INFO  c.e.d.DividendApplicationTests - Started DividendApplicationTests in 3.519 seconds (JVM running for 4.09)
16:22:59.808 [SpringApplicationShutdownHook] INFO  o.s.o.j.LocalContainerEntityManagerFactoryBean - Closing JPA EntityManagerFactory for persistence unit 'default'
16:22:59.810 [SpringApplicationShutdownHook] INFO  com.zaxxer.hikari.HikariDataSource - HikariPool-1 - Shutdown initiated...
16:22:59.811 [SpringApplicationShutdownHook] INFO  com.zaxxer.hikari.HikariDataSource - HikariPool-1 - Shutdown completed.
16:23:34.768 [Test worker] INFO  c.e.d.DividendApplicationTests - Starting DividendApplicationTests using Java 17.0.3-ea on dohoonui-MacBookPro.local with PID 24401 (started by dohoon in /Users/dohoon/my-github/dividend_system)
16:23:34.779 [Test worker] INFO  c.e.d.DividendApplicationTests - No active profile set, falling back to 1 default profile: "default"
16:23:35.248 [Test worker] INFO  o.s.d.r.c.RepositoryConfigurationDelegate - Multiple Spring Data modules found, entering strict repository configuration mode
16:23:35.249 [Test worker] INFO  o.s.d.r.c.RepositoryConfigurationDelegate - Bootstrapping Spring Data JPA repositories in DEFAULT mode.
16:23:35.311 [Test worker] INFO  o.s.d.r.c.RepositoryConfigurationDelegate - Finished Spring Data repository scanning in 58 ms. Found 3 JPA repository interfaces.
16:23:35.321 [Test worker] INFO  o.s.d.r.c.RepositoryConfigurationDelegate - Multiple Spring Data modules found, entering strict repository configuration mode
16:23:35.322 [Test worker] INFO  o.s.d.r.c.RepositoryConfigurationDelegate - Bootstrapping Spring Data Redis repositories in DEFAULT mode.
16:23:35.330 [Test worker] INFO  o.s.d.r.c.RepositoryConfigurationExtensionSupport - Spring Data Redis - Could not safely identify store assignment for repository candidate interface com.example.dividend.persist.CompanyRepository; If you want this repository to be a Redis repository, consider annotating your entities with one of these annotations: org.springframework.data.redis.core.RedisHash (preferred), or consider extending one of the following types with your repository: org.springframework.data.keyvalue.repository.KeyValueRepository
16:23:35.331 [Test worker] INFO  o.s.d.r.c.RepositoryConfigurationExtensionSupport - Spring Data Redis - Could not safely identify store assignment for repository candidate interface com.example.dividend.persist.DividendRepository; If you want this repository to be a Redis repository, consider annotating your entities with one of these annotations: org.springframework.data.redis.core.RedisHash (preferred), or consider extending one of the following types with your repository: org.springframework.data.keyvalue.repository.KeyValueRepository
16:23:35.332 [Test worker] INFO  o.s.d.r.c.RepositoryConfigurationExtensionSupport - Spring Data Redis - Could not safely identify store assignment for repository candidate interface com.example.dividend.persist.MemberRepository; If you want this repository to be a Redis repository, consider annotating your entities with one of these annotations: org.springframework.data.redis.core.RedisHash (preferred), or consider extending one of the following types with your repository: org.springframework.data.keyvalue.repository.KeyValueRepository
16:23:35.332 [Test worker] INFO  o.s.d.r.c.RepositoryConfigurationDelegate - Finished Spring Data repository scanning in 4 ms. Found 0 Redis repository interfaces.
16:23:35.750 [Test worker] INFO  o.h.jpa.internal.util.LogHelper - HHH000204: Processing PersistenceUnitInfo [name: default]
16:23:35.773 [Test worker] INFO  org.hibernate.Version - HHH000412: Hibernate ORM core version 5.6.10.Final
16:23:35.857 [Test worker] INFO  o.h.annotations.common.Version - HCANN000001: Hibernate Commons Annotations {5.1.2.Final}
16:23:35.915 [Test worker] INFO  com.zaxxer.hikari.HikariDataSource - HikariPool-1 - Starting...
16:23:36.023 [Test worker] INFO  com.zaxxer.hikari.HikariDataSource - HikariPool-1 - Start completed.
16:23:36.042 [Test worker] INFO  org.hibernate.dialect.Dialect - HHH000400: Using dialect: org.hibernate.dialect.H2Dialect
16:23:36.399 [Test worker] INFO  o.h.e.t.j.p.i.JtaPlatformInitiator - HHH000490: Using JtaPlatform implementation: [org.hibernate.engine.transaction.jta.platform.internal.NoJtaPlatform]
16:23:36.405 [Test worker] INFO  o.s.o.j.LocalContainerEntityManagerFactoryBean - Initialized JPA EntityManagerFactory for persistence unit 'default'
16:23:36.830 [Test worker] WARN  o.s.b.a.o.j.JpaBaseConfiguration$JpaWebConfiguration - spring.jpa.open-in-view is enabled by default. Therefore, database queries may be performed during view rendering. Explicitly configure spring.jpa.open-in-view to disable this warning
16:23:37.180 [Test worker] WARN  o.s.s.c.a.web.builders.WebSecurity - You are asking Spring Security to ignore Ant [pattern='/h2-console/**']. This is not recommended -- please use permitAll via HttpSecurity#authorizeHttpRequests instead.
16:23:37.180 [Test worker] INFO  o.s.s.web.DefaultSecurityFilterChain - Will not secure Ant [pattern='/h2-console/**']
16:23:37.227 [Test worker] INFO  o.s.s.web.DefaultSecurityFilterChain - Will secure any request with [org.springframework.security.web.session.DisableEncodeUrlFilter@b60fe463, org.springframework.security.web.context.request.async.WebAsyncManagerIntegrationFilter@62377670, org.springframework.security.web.context.SecurityContextPersistenceFilter@e8092501, org.springframework.security.web.header.HeaderWriterFilter@a1c23e8e, org.springframework.security.web.authentication.logout.LogoutFilter@e07378ae, com.example.dividend.security.JwtAuthenticationFilter@60f1f2f3, org.springframework.security.web.savedrequest.RequestCacheAwareFilter@a4238f82, org.springframework.security.web.servletapi.SecurityContextHolderAwareRequestFilter@eb1cae00, org.springframework.security.web.authentication.AnonymousAuthenticationFilter@31304078, org.springframework.security.web.session.SessionManagementFilter@aa395cce, org.springframework.security.web.access.ExceptionTranslationFilter@eb5f9762, org.springframework.security.web.access.intercept.FilterSecurityInterceptor@49ff6df6]
16:23:37.599 [Test worker] INFO  o.s.b.a.h.H2ConsoleAutoConfiguration - H2 console available at '/h2-console'. Database available at 'jdbc:h2:mem:dividend'
16:23:37.946 [Test worker] INFO  c.e.d.DividendApplicationTests - Started DividendApplicationTests in 3.495 seconds (JVM running for 4.09)
16:23:38.209 [SpringApplicationShutdownHook] INFO  o.s.o.j.LocalContainerEntityManagerFactoryBean - Closing JPA EntityManagerFactory for persistence unit 'default'
16:23:38.216 [SpringApplicationShutdownHook] INFO  com.zaxxer.hikari.HikariDataSource - HikariPool-1 - Shutdown initiated...
16:23:38.219 [SpringApplicationShutdownHook] INFO  com.zaxxer.hikari.HikariDataSource - HikariPool-1 - Shutdown completed.
16:23:41.237 [main] INFO  c.e.dividend.DividendApplication - Starting DividendApplication using Java 17.0.3-ea on dohoonui-MacBookPro.local with PID 24417 (/Users/dohoon/my-github/dividend_system/build/classes/java/main started by dohoon in /Users/dohoon/my-github/dividend_system)
16:23:41.242 [main] INFO  c.e.dividend.DividendApplication - No active profile set, falling back to 1 default profile: "default"
16:23:41.775 [main] INFO  o.s.d.r.c.RepositoryConfigurationDelegate - Multiple Spring Data modules found, entering strict repository configuration mode
16:23:41.776 [main] INFO  o.s.d.r.c.RepositoryConfigurationDelegate - Bootstrapping Spring Data JPA repositories in DEFAULT mode.
16:23:41.832 [main] INFO  o.s.d.r.c.RepositoryConfigurationDelegate - Finished Spring Data repository scanning in 51 ms. Found 3 JPA repository interfaces.
16:23:41.839 [main] INFO  o.s.d.r.c.RepositoryConfigurationDelegate - Multiple Spring Data modules found, entering strict repository configuration mode
16:23:41.840 [main] INFO  o.s.d.r.c.RepositoryConfigurationDelegate - Bootstrapping Spring Data Redis repositories in DEFAULT mode.
16:23:41.850 [main] INFO  o.s.d.r.c.RepositoryConfigurationExtensionSupport - Spring Data Redis - Could not safely identify store assignment for repository candidate interface com.example.dividend.persist.CompanyRepository; If you want this repository to be a Redis repository, consider annotating your entities with one of these annotations: org.springframework.data.redis.core.RedisHash (preferred), or consider extending one of the following types with your repository: org.springframework.data.keyvalue.repository.KeyValueRepository
16:23:41.851 [main] INFO  o.s.d.r.c.RepositoryConfigurationExtensionSupport - Spring Data Redis - Could not safely identify store assignment for repository candidate interface com.example.dividend.persist.DividendRepository; If you want this repository to be a Redis repository, consider annotating your entities with one of these annotations: org.springframework.data.redis.core.RedisHash (preferred), or consider extending one of the following types with your repository: org.springframework.data.keyvalue.repository.KeyValueRepository
16:23:41.851 [main] INFO  o.s.d.r.c.RepositoryConfigurationExtensionSupport - Spring Data Redis - Could not safely identify store assignment for repository candidate interface com.example.dividend.persist.MemberRepository; If you want this repository to be a Redis repository, consider annotating your entities with one of these annotations: org.springframework.data.redis.core.RedisHash (preferred), or consider extending one of the following types with your repository: org.springframework.data.keyvalue.repository.KeyValueRepository
16:23:41.851 [main] INFO  o.s.d.r.c.RepositoryConfigurationDelegate - Finished Spring Data repository scanning in 6 ms. Found 0 Redis repository interfaces.
16:23:42.256 [main] INFO  o.s.b.w.e.tomcat.TomcatWebServer - Tomcat initialized with port(s): 8080 (http)
16:23:42.263 [main] INFO  o.a.coyote.http11.Http11NioProtocol - Initializing ProtocolHandler ["http-nio-8080"]
16:23:42.263 [main] INFO  o.a.catalina.core.StandardService - Starting service [Tomcat]
16:23:42.263 [main] INFO  o.a.catalina.core.StandardEngine - Starting Servlet engine: [Apache Tomcat/9.0.65]
16:23:42.311 [main] INFO  o.a.c.c.C.[Tomcat].[localhost].[/] - Initializing Spring embedded WebApplicationContext
16:23:42.311 [main] INFO  o.s.b.w.s.c.ServletWebServerApplicationContext - Root WebApplicationContext: initialization completed in 974 ms
16:23:42.361 [main] INFO  com.zaxxer.hikari.HikariDataSource - HikariPool-1 - Starting...
16:23:42.451 [main] INFO  com.zaxxer.hikari.HikariDataSource - HikariPool-1 - Start completed.
16:23:42.458 [main] INFO  o.s.b.a.h.H2ConsoleAutoConfiguration - H2 console available at '/h2-console'. Database available at 'jdbc:h2:mem:dividend'
16:23:42.572 [main] INFO  o.h.jpa.internal.util.LogHelper - HHH000204: Processing PersistenceUnitInfo [name: default]
16:23:42.599 [main] INFO  org.hibernate.Version - HHH000412: Hibernate ORM core version 5.6.10.Final
16:23:42.685 [main] INFO  o.h.annotations.common.Version - HCANN000001: Hibernate Commons Annotations {5.1.2.Final}
16:23:42.753 [main] INFO  org.hibernate.dialect.Dialect - HHH000400: Using dialect: org.hibernate.dialect.H2Dialect
16:23:43.062 [main] INFO  o.h.e.t.j.p.i.JtaPlatformInitiator - HHH000490: Using JtaPlatform implementation: [org.hibernate.engine.transaction.jta.platform.internal.NoJtaPlatform]
16:23:43.066 [main] INFO  o.s.o.j.LocalContainerEntityManagerFactoryBean - Initialized JPA EntityManagerFactory for persistence unit 'default'
16:23:43.404 [main] WARN  o.s.b.a.o.j.JpaBaseConfiguration$JpaWebConfiguration - spring.jpa.open-in-view is enabled by default. Therefore, database queries may be performed during view rendering. Explicitly configure spring.jpa.open-in-view to disable this warning
16:23:43.616 [main] WARN  o.s.s.c.a.web.builders.WebSecurity - You are asking Spring Security to ignore Ant [pattern='/h2-console/**']. This is not recommended -- please use permitAll via HttpSecurity#authorizeHttpRequests instead.
16:23:43.616 [main] INFO  o.s.s.web.DefaultSecurityFilterChain - Will not secure Ant [pattern='/h2-console/**']
16:23:43.635 [main] INFO  o.s.s.web.DefaultSecurityFilterChain - Will secure any request with [org.springframework.security.web.session.DisableEncodeUrlFilter@283a128e, org.springframework.security.web.context.request.async.WebAsyncManagerIntegrationFilter@ccb88ab5, org.springframework.security.web.context.SecurityContextPersistenceFilter@9dacfedb, org.springframework.security.web.header.HeaderWriterFilter@53624442, org.springframework.security.web.authentication.logout.LogoutFilter@c22eebe2, com.example.dividend.security.JwtAuthenticationFilter@64ce0aeb, org.springframework.security.web.savedrequest.RequestCacheAwareFilter@5b3ae591, org.springframework.security.web.servletapi.SecurityContextHolderAwareRequestFilter@e374dd99, org.springframework.security.web.authentication.AnonymousAuthenticationFilter@e3f269ca, org.springframework.security.web.session.SessionManagementFilter@67166f97, org.springframework.security.web.access.ExceptionTranslationFilter@85dbba8b, org.springframework.security.web.access.intercept.FilterSecurityInterceptor@523ab17a]
16:23:43.995 [main] INFO  o.a.coyote.http11.Http11NioProtocol - Starting ProtocolHandler ["http-nio-8080"]
16:23:43.998 [main] WARN  o.s.b.w.s.c.AnnotationConfigServletWebServerApplicationContext - Exception encountered during context initialization - cancelling refresh attempt: org.springframework.context.ApplicationContextException: Failed to start bean 'webServerStartStop'; nested exception is org.springframework.boot.web.server.PortInUseException: Port 8080 is already in use
16:23:44.109 [main] INFO  o.s.o.j.LocalContainerEntityManagerFactoryBean - Closing JPA EntityManagerFactory for persistence unit 'default'
16:23:44.110 [main] INFO  com.zaxxer.hikari.HikariDataSource - HikariPool-1 - Shutdown initiated...
16:23:44.112 [main] INFO  com.zaxxer.hikari.HikariDataSource - HikariPool-1 - Shutdown completed.
16:23:44.113 [main] INFO  o.a.coyote.http11.Http11NioProtocol - Pausing ProtocolHandler ["http-nio-8080"]
16:23:44.114 [main] INFO  o.a.catalina.core.StandardService - Stopping service [Tomcat]
16:23:44.115 [main] INFO  o.a.coyote.http11.Http11NioProtocol - Stopping ProtocolHandler ["http-nio-8080"]
16:23:44.115 [main] INFO  o.a.coyote.http11.Http11NioProtocol - Destroying ProtocolHandler ["http-nio-8080"]
16:23:44.120 [main] INFO  o.s.b.a.l.ConditionEvaluationReportLoggingListener - 

Error starting ApplicationContext. To display the conditions report re-run your application with 'debug' enabled.
16:23:44.129 [main] ERROR o.s.b.d.LoggingFailureAnalysisReporter - 

***************************
APPLICATION FAILED TO START
***************************

Description:

Web server failed to start. Port 8080 was already in use.

Action:

Identify and stop the process that's listening on port 8080 or configure this application to listen on another port.

